Logging setup to Install SFTP2021-02-23-12:38:40.log
Loaded plugins: fastestmirror
Determining fastest mirrors
 * base: mirror.lanet.network
 * epel: repo.fedora.md
 * extras: centos.wielun.net
 * updates: centos.wielun.net
Package epel-release-7-13.noarch already installed and latest version
Nothing to do
Loaded plugins: fastestmirror
Loading mirror speeds from cached hostfile
 * base: mirror.lanet.network
 * epel: repo.fedora.md
 * extras: centos.wielun.net
 * updates: centos.wielun.net
No packages marked for update
Loaded plugins: fastestmirror
Loading mirror speeds from cached hostfile
 * base: mirror.lanet.network
 * epel: repo.fedora.md
 * extras: centos.wielun.net
 * updates: centos.wielun.net
Package vsftpd-3.0.2-28.el7.x86_64 already installed and latest version
Nothing to do
FirewallD is not running
