Changing password for user testuser.
passwd: all authentication tokens updated successfully.
testuser ALL=(ALL) NOPASSWD:ALL
Last metadata expiration check: 0:27:52 ago on Thu 25 Feb 2021 10:39:32 PM EET.
Dependencies resolved.
Nothing to do.
Complete!
Last metadata expiration check: 0:27:53 ago on Thu 25 Feb 2021 10:39:32 PM EET.
Dependencies resolved.
================================================================================
 Package         Architecture    Version               Repository          Size
================================================================================
Installing:
 vsftpd          x86_64          3.0.3-32.el8          appstream          180 k

Transaction Summary
================================================================================
Install  1 Package

Total download size: 180 k
Installed size: 343 k
Downloading Packages:
vsftpd-3.0.3-32.el8.x86_64.rpm                  829 kB/s | 180 kB     00:00    
--------------------------------------------------------------------------------
Total                                           476 kB/s | 180 kB     00:00     
Running transaction check
Transaction check succeeded.
Running transaction test
Transaction test succeeded.
Running transaction
  Preparing        :                                                        1/1 
  Installing       : vsftpd-3.0.3-32.el8.x86_64                             1/1 
  Running scriptlet: vsftpd-3.0.3-32.el8.x86_64                             1/1 
  Verifying        : vsftpd-3.0.3-32.el8.x86_64                             1/1 

Installed:
  vsftpd-3.0.3-32.el8.x86_64                                                    

Complete!
Created symlink /etc/systemd/system/multi-user.target.wants/vsftpd.service → /usr/lib/systemd/system/vsftpd.service.
chroot_local_user=YES
allow_writeable_chroot=YES
userlist_file=/etc/vsftpd/user_list
userlist_deny=NO
chroot_list_enable=YES
chroot_list_file=/etc/vsftpd/chroot_list
pasv_enable=YES
pasv_max_port=10001
pasv_min_port=10000
testuser
testuser
