Logging setup to /tmp/sftp-server-setup_2021-02-23-01:38:27.log
uname -a
ip address
ip route


Adding user with passwordless access to sudo
Новый пароль : 
НЕУДАЧНЫЙ ПАРОЛЬ: В пароле должно быть не меньше 8 символов
Повторите ввод нового пароля : 
Изменяется пароль пользователя crash.
passwd: все данные аутентификации успешно обновлены.
crash ALL=(ALL) NOPASSWD: ALL
Updating system and installing vsftpd server
Загружены модули: fastestmirror
Loading mirror speeds from cached hostfile
 * base: mirror.mirohost.net
 * epel: epel.mirror.serveriai.lt
 * extras: mirror.mirohost.net
 * updates: mirror.mirohost.net
No packages marked for update
Загружены модули: fastestmirror
Loading mirror speeds from cached hostfile
 * base: mirror.mirohost.net
 * epel: ftp.icm.edu.pl
 * extras: mirror.mirohost.net
 * updates: mirror.mirohost.net
Разрешение зависимостей
--> Проверка сценария
---> Пакет vsftpd.x86_64 0:3.0.2-28.el7 помечен для установки
--> Проверка зависимостей окончена

Зависимости определены

================================================================================
 Package          Архитектура      Версия                  Репозиторий    Размер
================================================================================
Установка:
 vsftpd           x86_64           3.0.2-28.el7            base           172 k

Итого за операцию
================================================================================
Установить  1 пакет

Объем загрузки: 172 k
Объем изменений: 353 k
Downloading packages:
Running transaction check
Running transaction test
Transaction test succeeded
Running transaction
  Установка   : vsftpd-3.0.2-28.el7.x86_64                                  1/1 
  Проверка    : vsftpd-3.0.2-28.el7.x86_64                                  1/1 

Установлено:
  vsftpd.x86_64 0:3.0.2-28.el7                                                  

Выполнено!
Configuring vsftpd service
Created symlink from /etc/systemd/system/multi-user.target.wants/vsftpd.service to /usr/lib/systemd/system/vsftpd.service.
Disable firewalld service
Backup default config
Configuring vsftpd server
chroot_local_user=YES
allow_writeable_chroot=YES
userlist_file=/etc/vsftpd/user_list
userlist_deny=NO
chroot_list_enable=YES
chroot_list_file=/etc/vsftpd/chroot_list
pasv_enable=YES
pasv_max_port=10001
pasv_min_port=10000
Configuring sftp user
crash
crash
Restarting vsftpd service
