Logging setup to docker_2021-03-16-04:37:00.log
Cloning into 'devops_crash'...
Sending build context to Docker daemon   28.4MB
Step 1/12 : FROM python:3.6.9
 ---> 5bf410ee7bb2
Step 2/12 : MAINTAINER poliyakpavlo@gmail.com
 ---> Running in 44fe6faf2c66
Removing intermediate container 44fe6faf2c66
 ---> 5fdd805dea43
Step 3/12 : RUN mkdir /opt/app
 ---> Running in 64c4a9659de4
Removing intermediate container 64c4a9659de4
 ---> ee4076c2bc43
Step 4/12 : WORKDIR /opt/app
 ---> Running in 9e7a4258e55e
Removing intermediate container 9e7a4258e55e
 ---> 68a367ea66fd
Step 5/12 : VOLUME /opt/app
 ---> Running in bd9bf15f6976
Removing intermediate container bd9bf15f6976
 ---> 7a8c612f37eb
Step 6/12 : COPY req.txt /opt/app
 ---> 7d29cd04b15f
Step 7/12 : COPY sql_orm.py /opt/app
 ---> 2043137109b9
Step 8/12 : COPY sql_core.py /opt/app
 ---> c79573326741
Step 9/12 : COPY logfile.log /opt/app
 ---> bf45559d3d2d
Step 10/12 : RUN pip install -r req.txt
 ---> Running in 7ec30d87e440
Collecting pandas
  Downloading https://files.pythonhosted.org/packages/c3/e2/00cacecafbab071c787019f00ad84ca3185952f6bb9bca9550ed83870d4d/pandas-1.1.5-cp36-cp36m-manylinux1_x86_64.whl (9.5MB)
Collecting sqlalchemy
  Downloading https://files.pythonhosted.org/packages/07/8e/c0e51f619bf61ccdf4f10f78e443adcf9800c1f1ce5868de305985f281af/SQLAlchemy-1.4.0-cp36-cp36m-manylinux2014_x86_64.whl (1.5MB)
Collecting openpyxl
  Downloading https://files.pythonhosted.org/packages/39/08/595298c9b7ced75e7d23be3e7596459980d63bc35112ca765ceccafbe9a4/openpyxl-3.0.7-py2.py3-none-any.whl (243kB)
Collecting numpy>=1.15.4
  Downloading https://files.pythonhosted.org/packages/14/32/d3fa649ad7ec0b82737b92fefd3c4dd376b0bb23730715124569f38f3a08/numpy-1.19.5-cp36-cp36m-manylinux2010_x86_64.whl (14.8MB)
Collecting pytz>=2017.2
  Downloading https://files.pythonhosted.org/packages/70/94/784178ca5dd892a98f113cdd923372024dc04b8d40abe77ca76b5fb90ca6/pytz-2021.1-py2.py3-none-any.whl (510kB)
Collecting python-dateutil>=2.7.3
  Downloading https://files.pythonhosted.org/packages/d4/70/d60450c3dd48ef87586924207ae8907090de0b306af2bce5d134d78615cb/python_dateutil-2.8.1-py2.py3-none-any.whl (227kB)
Collecting greenlet!=0.4.17; python_version >= "3"
  Downloading https://files.pythonhosted.org/packages/22/e2/9fbb24cf1ee89813ded3761314562a83a2822ad2bf5682eef0d0c99e2a5d/greenlet-1.0.0-cp36-cp36m-manylinux2010_x86_64.whl (156kB)
Collecting importlib-metadata; python_version < "3.8"
  Downloading https://files.pythonhosted.org/packages/80/5d/0bbca82b16e01313cf0343167d4cfb90f6fade747cd4d10d368094b2883a/importlib_metadata-3.7.3-py3-none-any.whl
Collecting et-xmlfile
  Downloading https://files.pythonhosted.org/packages/22/28/a99c42aea746e18382ad9fb36f64c1c1f04216f41797f2f0fa567da11388/et_xmlfile-1.0.1.tar.gz
Collecting six>=1.5
  Downloading https://files.pythonhosted.org/packages/ee/ff/48bde5c0f013094d729fe4b0316ba2a24774b3ff1c52d924a8a4cb04078a/six-1.15.0-py2.py3-none-any.whl
Collecting zipp>=0.5
  Downloading https://files.pythonhosted.org/packages/0f/8c/715c54e9e34c0c4820f616a913a7de3337d0cd79074dd1bed4dd840f16ae/zipp-3.4.1-py3-none-any.whl
Collecting typing-extensions>=3.6.4; python_version < "3.8"
  Downloading https://files.pythonhosted.org/packages/60/7a/e881b5abb54db0e6e671ab088d079c57ce54e8a01a3ca443f561ccadb37e/typing_extensions-3.7.4.3-py3-none-any.whl
Building wheels for collected packages: et-xmlfile
  Building wheel for et-xmlfile (setup.py): started
  Building wheel for et-xmlfile (setup.py): finished with status 'done'
  Created wheel for et-xmlfile: filename=et_xmlfile-1.0.1-cp36-none-any.whl size=8915 sha256=708204bdc660888e5bc0dda5999fdac439d0e50267e218571290f51d58505cc9
  Stored in directory: /root/.cache/pip/wheels/2a/77/35/0da0965a057698121fc7d8c5a7a9955cdbfb3cc4e2423cad39
Successfully built et-xmlfile
Installing collected packages: numpy, pytz, six, python-dateutil, pandas, greenlet, zipp, typing-extensions, importlib-metadata, sqlalchemy, et-xmlfile, openpyxl
Successfully installed et-xmlfile-1.0.1 greenlet-1.0.0 importlib-metadata-3.7.3 numpy-1.19.5 openpyxl-3.0.7 pandas-1.1.5 python-dateutil-2.8.1 pytz-2021.1 six-1.15.0 sqlalchemy-1.4.0 typing-extensions-3.7.4.3 zipp-3.4.1
[91mWARNING: You are using pip version 19.3.1; however, version 21.0.1 is available.
You should consider upgrading via the 'pip install --upgrade pip' command.
[0mRemoving intermediate container 7ec30d87e440
 ---> 1ae378057eeb
Step 11/12 : ENTRYPOINT ["python", "sql_core.py", "logfile.log"]
 ---> Running in 9f06d798e2e5
Removing intermediate container 9f06d798e2e5
 ---> 58bae71c1f62
Step 12/12 : EXPOSE 5050
 ---> Running in 4768be61c6b3
Removing intermediate container 4768be61c6b3
 ---> b70282c5b888
Successfully built b70282c5b888
Successfully tagged sql:latest
685e9131c8b5188cc3d7f2925e040a820e8c27d9138bc84132c29b3703653aac
